-------------------------------------------------------------------------------
Test set: org.openmrs.module.mohbilling.testcases.BillingAPIPatientBillTest
-------------------------------------------------------------------------------
Tests run: 4, Failures: 0, Errors: 4, Skipped: 0, Time elapsed: 4.183 sec <<< FAILURE!
testGetPatientBill(org.openmrs.module.mohbilling.testcases.BillingAPIPatientBillTest)  Time elapsed: 0.005 sec  <<< ERROR!
java.lang.IllegalStateException: Failed to load ApplicationContext
	at org.springframework.test.context.TestContext.getApplicationContext(TestContext.java:201)
	at org.springframework.test.context.support.DependencyInjectionTestExecutionListener.injectDependencies(DependencyInjectionTestExecutionListener.java:109)
	at org.springframework.test.context.support.DependencyInjectionTestExecutionListener.prepareTestInstance(DependencyInjectionTestExecutionListener.java:75)
	at org.springframework.test.context.TestContextManager.prepareTestInstance(TestContextManager.java:255)
	at org.springframework.test.context.junit4.SpringJUnit4ClassRunner.createTest(SpringJUnit4ClassRunner.java:111)
	at org.springframework.test.context.junit4.SpringJUnit4ClassRunner.invokeTestMethod(SpringJUnit4ClassRunner.java:148)
	at org.junit.internal.runners.JUnit4ClassRunner.runMethods(JUnit4ClassRunner.java:51)
	at org.junit.internal.runners.JUnit4ClassRunner$1.run(JUnit4ClassRunner.java:44)
	at org.junit.internal.runners.ClassRoadie.runUnprotected(ClassRoadie.java:27)
	at org.junit.internal.runners.ClassRoadie.runProtected(ClassRoadie.java:37)
	at org.junit.internal.runners.JUnit4ClassRunner.run(JUnit4ClassRunner.java:42)
	at org.springframework.test.context.junit4.SpringJUnit4ClassRunner.run(SpringJUnit4ClassRunner.java:97)
	at org.apache.maven.surefire.junit4.JUnit4TestSet.execute(JUnit4TestSet.java:53)
	at org.apache.maven.surefire.junit4.JUnit4Provider.executeTestSet(JUnit4Provider.java:123)
	at org.apache.maven.surefire.junit4.JUnit4Provider.invoke(JUnit4Provider.java:104)
	at sun.reflect.NativeMethodAccessorImpl.invoke0(Native Method)
	at sun.reflect.NativeMethodAccessorImpl.invoke(NativeMethodAccessorImpl.java:57)
	at sun.reflect.DelegatingMethodAccessorImpl.invoke(DelegatingMethodAccessorImpl.java:43)
	at java.lang.reflect.Method.invoke(Method.java:622)
	at org.apache.maven.surefire.util.ReflectionUtils.invokeMethodWithArray(ReflectionUtils.java:164)
	at org.apache.maven.surefire.booter.ProviderFactory$ProviderProxy.invoke(ProviderFactory.java:110)
	at org.apache.maven.surefire.booter.SurefireStarter.invokeProvider(SurefireStarter.java:175)
	at org.apache.maven.surefire.booter.SurefireStarter.runSuitesInProcessWhenForked(SurefireStarter.java:107)
	at org.apache.maven.surefire.booter.ForkedBooter.main(ForkedBooter.java:68)
Caused by: org.springframework.beans.factory.BeanCreationException: Error creating bean with name 'org.springframework.transaction.interceptor.TransactionAttributeSourceAdvisor#0' defined in class path resource [applicationContext-service.xml]: Cannot resolve reference to bean 'transactionInterceptor' while setting bean property 'transactionInterceptor'; nested exception is org.springframework.beans.factory.BeanCreationException: Error creating bean with name 'transactionInterceptor' defined in class path resource [applicationContext-service.xml]: Cannot resolve reference to bean 'transactionManager' while setting bean property 'transactionManager'; nested exception is org.springframework.beans.factory.BeanCreationException: Error creating bean with name 'transactionManager' defined in class path resource [applicationContext-service.xml]: Cannot resolve reference to bean 'sessionFactory' while setting bean property 'sessionFactory'; nested exception is org.springframework.beans.factory.BeanCreationException: Error creating bean with name 'sessionFactory': Autowiring of fields failed; nested exception is org.springframework.beans.factory.BeanCreationException: Could not autowire field: public java.util.Map org.openmrs.api.db.hibernate.HibernateSessionFactoryBean.interceptors; nested exception is org.springframework.beans.factory.CannotLoadBeanClassException: Cannot find class [@MODULE_PACKAGE@.web.controller.importbillables.ProcessBillableServicesImportController] for bean with name 'processBillableServicesController' defined in URL [file:/media/OS/Workspace/Git%20Projects/moh-billing/omod/target/classes/moduleApplicationContext.xml]; nested exception is java.lang.ClassNotFoundException: @MODULE_PACKAGE@.web.controller.importbillables.ProcessBillableServicesImportController
Related cause: org.springframework.beans.factory.CannotLoadBeanClassException: Cannot find class [@MODULE_PACKAGE@.web.controller.importbillables.ProcessBillableServicesImportController] for bean with name 'processBillableServicesController' defined in URL [file:/media/OS/Workspace/Git%20Projects/moh-billing/omod/target/classes/moduleApplicationContext.xml]; nested exception is java.lang.ClassNotFoundException: @MODULE_PACKAGE@.web.controller.importbillables.ProcessBillableServicesImportController
Related cause: org.springframework.beans.factory.CannotLoadBeanClassException: Cannot find class [@MODULE_PACKAGE@.web.controller.importbillables.ImportBillableServicesFormController] for bean with name 'importBillableServicesFormController' defined in URL [file:/media/OS/Workspace/Git%20Projects/moh-billing/omod/target/classes/moduleApplicationContext.xml]; nested exception is java.lang.ClassNotFoundException: @MODULE_PACKAGE@.web.controller.importbillables.ImportBillableServicesFormController
Related cause: org.springframework.beans.factory.BeanCreationException: Error creating bean with name 'patientService' defined in class path resource [applicationContext-service.xml]: Cannot resolve reference to bean 'patientServiceTarget' while setting bean property 'target'; nested exception is org.springframework.beans.factory.BeanCreationException: Error creating bean with name 'patientServiceTarget' defined in class path resource [applicationContext-service.xml]: Cannot resolve reference to bean 'patientDAO' while setting bean property 'patientDAO'; nested exception is org.springframework.beans.factory.BeanCreationException: Error creating bean with name 'patientDAO' defined in class path resource [applicationContext-service.xml]: Cannot resolve reference to bean 'sessionFactory' while setting bean property 'sessionFactory'; nested exception is org.springframework.beans.factory.BeanCurrentlyInCreationException: Error creating bean with name 'sessionFactory': FactoryBean which is currently in creation returned null from getObject
Related cause: org.springframework.beans.factory.BeanCreationException: Error creating bean with name 'personService' defined in class path resource [applicationContext-service.xml]: Cannot resolve reference to bean 'personServiceTarget' while setting bean property 'target'; nested exception is org.springframework.beans.factory.BeanCreationException: Error creating bean with name 'personServiceTarget' defined in class path resource [applicationContext-service.xml]: Cannot resolve reference to bean 'personDAO' while setting bean property 'personDAO'; nested exception is org.springframework.beans.factory.BeanCreationException: Error creating bean with name 'personDAO' defined in class path resource [applicationContext-service.xml]: Cannot resolve reference to bean 'sessionFactory' while setting bean property 'sessionFactory'; nested exception is org.springframework.beans.factory.BeanCurrentlyInCreationException: Error creating bean with name 'sessionFactory': FactoryBean which is currently in creation returned null from getObject
Related cause: org.springframework.beans.factory.BeanCreationException: Error creating bean with name 'conceptService' defined in class path resource [applicationContext-service.xml]: Cannot resolve reference to bean 'conceptServiceTarget' while setting bean property 'target'; nested exception is org.springframework.beans.factory.BeanCreationException: Error creating bean with name 'conceptServiceTarget' defined in class path resource [applicationContext-service.xml]: Cannot resolve reference to bean 'conceptDAO' while setting bean property 'conceptDAO'; nested exception is org.springframework.beans.factory.BeanCreationException: Error creating bean with name 'conceptDAO' defined in class path resource [applicationContext-service.xml]: Cannot resolve reference to bean 'sessionFactory' while setting bean property 'sessionFactory'; nested exception is org.springframework.beans.factory.BeanCurrentlyInCreationException: Error creating bean with name 'sessionFactory': FactoryBean which is currently in creation returned null from getObject
Related cause: org.springframework.beans.factory.BeanCreationException: Error creating bean with name 'userService' defined in class path resource [applicationContext-service.xml]: Cannot resolve reference to bean 'userServiceTarget' while setting bean property 'target'; nested exception is org.springframework.beans.factory.BeanCreationException: Error creating bean with name 'userServiceTarget' defined in class path resource [applicationContext-service.xml]: Cannot resolve reference to bean 'userDAO' while setting bean property 'userDAO'; nested exception is org.springframework.beans.factory.BeanCreationException: Error creating bean with name 'userDAO' defined in class path resource [applicationContext-service.xml]: Cannot resolve reference to bean 'sessionFactory' while setting bean property 'sessionFactory'; nested exception is org.springframework.beans.factory.BeanCurrentlyInCreationException: Error creating bean with name 'sessionFactory': FactoryBean which is currently in creation returned null from getObject
Related cause: org.springframework.beans.factory.BeanCreationException: Error creating bean with name 'obsService' defined in class path resource [applicationContext-service.xml]: Cannot resolve reference to bean 'obsServiceTarget' while setting bean property 'target'; nested exception is org.springframework.beans.factory.BeanCreationException: Error creating bean with name 'obsServiceTarget' defined in class path resource [applicationContext-service.xml]: Cannot resolve reference to bean 'obsDAO' while setting bean property 'obsDAO'; nested exception is org.springframework.beans.factory.BeanCreationException: Error creating bean with name 'obsDAO' defined in class path resource [applicationContext-service.xml]: Cannot resolve reference to bean 'sessionFactory' while setting bean property 'sessionFactory'; nested exception is org.springframework.beans.factory.BeanCurrentlyInCreationException: Error creating bean with name 'sessionFactory': FactoryBean which is currently in creation returned null from getObject
Related cause: org.springframework.beans.factory.BeanCreationException: Error creating bean with name 'encounterService' defined in class path resource [applicationContext-service.xml]: Cannot resolve reference to bean 'encounterServiceTarget' while setting bean property 'target'; nested exception is org.springframework.beans.factory.BeanCreationException: Error creating bean with name 'encounterServiceTarget' defined in class path resource [applicationContext-service.xml]: Cannot resolve reference to bean 'encounterDAO' while setting bean property 'encounterDAO'; nested exception is org.springframework.beans.factory.BeanCreationException: Error creating bean with name 'encounterDAO' defined in class path resource [applicationContext-service.xml]: Cannot resolve reference to bean 'sessionFactory' while setting bean property 'sessionFactory'; nested exception is org.springframework.beans.factory.BeanCurrentlyInCreationException: Error creating bean with name 'sessionFactory': FactoryBean which is currently in creation returned null from getObject
Related cause: org.springframework.beans.factory.BeanCreationException: Error creating bean with name 'locationService' defined in class path resource [applicationContext-service.xml]: Cannot resolve reference to bean 'locationServiceTarget' while setting bean property 'target'; nested exception is org.springframework.beans.factory.BeanCreationException: Error creating bean with name 'locationServiceTarget' defined in class path resource [applicationContext-service.xml]: Cannot resolve reference to bean 'locationDAO' while setting bean property 'locationDAO'; nested exception is org.springframework.beans.factory.BeanCreationException: Error creating bean with name 'locationDAO' defined in class path resource [applicationContext-service.xml]: Cannot resolve reference to bean 'sessionFactory' while setting bean property 'sessionFactory'; nested exception is org.springframework.beans.factory.BeanCurrentlyInCreationException: Error creating bean with name 'sessionFactory': FactoryBean which is currently in creation returned null from getObject
Related cause: org.springframework.beans.factory.BeanCreationException: Error creating bean with name 'orderService' defined in class path resource [applicationContext-service.xml]: Cannot resolve reference to bean 'orderServiceTarget' while setting bean property 'target'; nested exception is org.springframework.beans.factory.BeanCreationException: Error creating bean with name 'orderServiceTarget' defined in class path resource [applicationContext-service.xml]: Cannot resolve reference to bean 'orderDAO' while setting bean property 'orderDAO'; nested exception is org.springframework.beans.factory.BeanCreationException: Error creating bean with name 'orderDAO' defined in class path resource [applicationContext-service.xml]: Cannot resolve reference to bean 'sessionFactory' while setting bean property 'sessionFactory'; nested exception is org.springframework.beans.factory.BeanCurrentlyInCreationException: Error creating bean with name 'sessionFactory': FactoryBean which is currently in creation returned null from getObject
Related cause: org.springframework.beans.factory.BeanCreationException: Error creating bean with name 'formService' defined in class path resource [applicationContext-service.xml]: Cannot resolve reference to bean 'formServiceTarget' while setting bean property 'target'; nested exception is org.springframework.beans.factory.BeanCreationException: Error creating bean with name 'formServiceTarget' defined in class path resource [applicationContext-service.xml]: Cannot resolve reference to bean 'formDAO' while setting bean property 'formDAO'; nested exception is org.springframework.beans.factory.BeanCreationException: Error creating bean with name 'formDAO' defined in class path resource [applicationContext-service.xml]: Cannot resolve reference to bean 'sessionFactory' while setting bean property 'sessionFactory'; nested exception is org.springframework.beans.factory.BeanCurrentlyInCreationException: Error creating bean with name 'sessionFactory': FactoryBean which is currently in creation returned null from getObject
Related cause: org.springframework.beans.factory.BeanCreationException: Error creating bean with name 'adminService' defined in class path resource [applicationContext-service.xml]: Cannot resolve reference to bean 'adminServiceTarget' while setting bean property 'target'; nested exception is org.springframework.beans.factory.BeanCreationException: Error creating bean with name 'adminServiceTarget' defined in class path resource [applicationContext-service.xml]: Cannot resolve reference to bean 'adminDAO' while setting bean property 'administrationDAO'; nested exception is org.springframework.beans.factory.BeanCreationException: Error creating bean with name 'adminDAO' defined in class path resource [applicationContext-service.xml]: Cannot resolve reference to bean 'sessionFactory' while setting bean property 'sessionFactory'; nested exception is org.springframework.beans.factory.BeanCurrentlyInCreationException: Error creating bean with name 'sessionFactory': FactoryBean which is currently in creation returned null from getObject
Related cause: org.springframework.beans.factory.BeanCreationException: Error creating bean with name 'programWorkflowService' defined in class path resource [applicationContext-service.xml]: Cannot resolve reference to bean 'programWorkflowServiceTarget' while setting bean property 'target'; nested exception is org.springframework.beans.factory.BeanCreationException: Error creating bean with name 'programWorkflowServiceTarget' defined in class path resource [applicationContext-service.xml]: Cannot resolve reference to bean 'programWorkflowDAO' while setting bean property 'programWorkflowDAO'; nested exception is org.springframework.beans.factory.BeanCreationException: Error creating bean with name 'programWorkflowDAO' defined in class path resource [applicationContext-service.xml]: Cannot resolve reference to bean 'sessionFactory' while setting bean property 'sessionFactory'; nested exception is org.springframework.beans.factory.BeanCurrentlyInCreationException: Error creating bean with name 'sessionFactory': FactoryBean which is currently in creation returned null from getObject
Related cause: org.springframework.beans.factory.BeanCreationException: Error creating bean with name 'messageService' defined in class path resource [applicationContext-service.xml]: Cannot resolve reference to bean 'messageServiceTarget' while setting bean property 'target'; nested exception is org.springframework.beans.factory.BeanCreationException: Error creating bean with name 'messageServiceTarget' defined in class path resource [applicationContext-service.xml]: Cannot resolve reference to bean 'templateDAO' while setting bean property 'templateDAO'; nested exception is org.springframework.beans.factory.BeanCreationException: Error creating bean with name 'templateDAO' defined in class path resource [applicationContext-service.xml]: Cannot resolve reference to bean 'sessionFactory' while setting bean property 'sessionFactory'; nested exception is org.springframework.beans.factory.BeanCurrentlyInCreationException: Error creating bean with name 'sessionFactory': FactoryBean which is currently in creation returned null from getObject
Related cause: org.springframework.beans.factory.BeanCreationException: Error creating bean with name 'patientSetService' defined in class path resource [applicationContext-service.xml]: Cannot resolve reference to bean 'patientSetServiceTarget' while setting bean property 'target'; nested exception is org.springframework.beans.factory.BeanCreationException: Error creating bean with name 'patientSetServiceTarget' defined in class path resource [applicationContext-service.xml]: Cannot resolve reference to bean 'patientSetDAO' while setting bean property 'patientSetDAO'; nested exception is org.springframework.beans.factory.BeanCreationException: Error creating bean with name 'patientSetDAO' defined in class path resource [applicationContext-service.xml]: Cannot resolve reference to bean 'sessionFactory' while setting bean property 'sessionFactory'; nested exception is org.springframework.beans.factory.BeanCurrentlyInCreationException: Error creating bean with name 'sessionFactory': FactoryBean which is currently in creation returned null from getObject
Related cause: org.springframework.beans.factory.BeanCreationException: Error creating bean with name 'cohortService' defined in class path resource [applicationContext-service.xml]: Cannot resolve reference to bean 'cohortServiceTarget' while setting bean property 'target'; nested exception is org.springframework.beans.factory.BeanCreationException: Error creating bean with name 'cohortServiceTarget' defined in class path resource [applicationContext-service.xml]: Cannot resolve reference to bean 'cohortDAO' while setting bean property 'cohortDAO'; nested exception is org.springframework.beans.factory.BeanCreationException: Error creating bean with name 'cohortDAO' defined in class path resource [applicationContext-service.xml]: Cannot resolve reference to bean 'sessionFactory' while setting bean property 'sessionFactory'; nested exception is org.springframework.beans.factory.BeanCurrentlyInCreationException: Error creating bean with name 'sessionFactory': FactoryBean which is currently in creation returned null from getObject
Related cause: org.springframework.beans.factory.BeanCreationException: Error creating bean with name 'schedulerService' defined in class path resource [applicationContext-service.xml]: Cannot resolve reference to bean 'schedulerServiceTarget' while setting bean property 'target'; nested exception is org.springframework.beans.factory.BeanCreationException: Error creating bean with name 'schedulerServiceTarget' defined in class path resource [applicationContext-service.xml]: Cannot resolve reference to bean 'schedulerDAO' while setting bean property 'schedulerDAO'; nested exception is org.springframework.beans.factory.BeanCreationException: Error creating bean with name 'schedulerDAO' defined in class path resource [applicationContext-service.xml]: Cannot resolve reference to bean 'sessionFactory' while setting bean property 'sessionFactory'; nested exception is org.springframework.beans.factory.BeanCurrentlyInCreationException: Error creating bean with name 'sessionFactory': FactoryBean which is currently in creation returned null from getObject
Related cause: org.springframework.beans.factory.BeanCreationException: Error creating bean with name 'alertService' defined in class path resource [applicationContext-service.xml]: Cannot resolve reference to bean 'alertServiceTarget' while setting bean property 'target'; nested exception is org.springframework.beans.factory.BeanCreationException: Error creating bean with name 'alertServiceTarget' defined in class path resource [applicationContext-service.xml]: Cannot resolve reference to bean 'alertDAO' while setting bean property 'alertDAO'; nested exception is org.springframework.beans.factory.BeanCreationException: Error creating bean with name 'alertDAO' defined in class path resource [applicationContext-service.xml]: Cannot resolve reference to bean 'sessionFactory' while setting bean property 'sessionFactory'; nested exception is org.springframework.beans.factory.BeanCurrentlyInCreationException: Error creating bean with name 'sessionFactory': FactoryBean which is currently in creation returned null from getObject
Related cause: org.springframework.beans.factory.BeanCreationException: Error creating bean with name 'reportService' defined in class path resource [applicationContext-service.xml]: Cannot resolve reference to bean 'reportServiceTarget' while setting bean property 'target'; nested exception is org.springframework.beans.factory.BeanCreationException: Error creating bean with name 'reportServiceTarget' defined in class path resource [applicationContext-service.xml]: Cannot resolve reference to bean 'reportDAO' while setting bean property 'reportDAO'; nested exception is org.springframework.beans.factory.BeanCreationException: Error creating bean with name 'reportDAO' defined in class path resource [applicationContext-service.xml]: Cannot resolve reference to bean 'sessionFactory' while setting bean property 'sessionFactory'; nested exception is org.springframework.beans.factory.BeanCurrentlyInCreationException: Error creating bean with name 'sessionFactory': FactoryBean which is currently in creation returned null from getObject
Related cause: org.springframework.beans.factory.BeanCreationException: Error creating bean with name 'reportObjectService' defined in class path resource [applicationContext-service.xml]: Cannot resolve reference to bean 'reportObjectServiceTarget' while setting bean property 'target'; nested exception is org.springframework.beans.factory.BeanCreationException: Error creating bean with name 'reportObjectServiceTarget' defined in class path resource [applicationContext-service.xml]: Cannot resolve reference to bean 'reportObjectDAO' while setting bean property 'reportObjectDAO'; nested exception is org.springframework.beans.factory.BeanCreationException: Error creating bean with name 'reportObjectDAO' defined in class path resource [applicationContext-service.xml]: Cannot resolve reference to bean 'sessionFactory' while setting bean property 'sessionFactory'; nested exception is org.springframework.beans.factory.BeanCurrentlyInCreationException: Error creating bean with name 'sessionFactory': FactoryBean which is currently in creation returned null from getObject
Related cause: org.springframework.beans.factory.BeanCreationException: Error creating bean with name 'hL7Service' defined in class path resource [applicationContext-service.xml]: Cannot resolve reference to bean 'hL7ServiceTarget' while setting bean property 'target'; nested exception is org.springframework.beans.factory.BeanCreationException: Error creating bean with name 'hL7ServiceTarget' defined in class path resource [applicationContext-service.xml]: Cannot resolve reference to bean 'hL7DAO' while setting bean property 'HL7DAO'; nested exception is org.springframework.beans.factory.BeanCreationException: Error creating bean with name 'hL7DAO' defined in class path resource [applicationContext-service.xml]: Cannot resolve reference to bean 'sessionFactory' while setting bean property 'sessionFactory'; nested exception is org.springframework.beans.factory.BeanCurrentlyInCreationException: Error creating bean with name 'sessionFactory': FactoryBean which is currently in creation returned null from getObject
	at org.springframework.beans.factory.support.BeanDefinitionValueResolver.resolveReference(BeanDefinitionValueResolver.java:275)
	at org.springframework.beans.factory.support.BeanDefinitionValueResolver.resolveValueIfNecessary(BeanDefinitionValueResolver.java:104)
	at org.springframework.beans.factory.support.AbstractAutowireCapableBeanFactory.applyPropertyValues(AbstractAutowireCapableBeanFactory.java:1245)
	at org.springframework.beans.factory.support.AbstractAutowireCapableBeanFactory.populateBean(AbstractAutowireCapableBeanFactory.java:1010)
	at org.springframework.beans.factory.support.AbstractAutowireCapableBeanFactory.doCreateBean(AbstractAutowireCapableBeanFactory.java:472)
	at org.springframework.beans.factory.support.AbstractAutowireCapableBeanFactory$1.run(AbstractAutowireCapableBeanFactory.java:409)
	at java.security.AccessController.doPrivileged(Native Method)
	at org.springframework.beans.factory.support.AbstractAutowireCapableBeanFactory.createBean(AbstractAutowireCapableBeanFactory.java:380)
	at org.springframework.beans.factory.support.AbstractBeanFactory$1.getObject(AbstractBeanFactory.java:264)
	at org.springframework.beans.factory.support.DefaultSingletonBeanRegistry.getSingleton(DefaultSingletonBeanRegistry.java:222)
	at org.springframework.beans.factory.support.AbstractBeanFactory.doGetBean(AbstractBeanFactory.java:261)
	at org.springframework.beans.factory.support.AbstractBeanFactory.getBean(AbstractBeanFactory.java:185)
	at org.springframework.beans.factory.support.AbstractBeanFactory.getBean(AbstractBeanFactory.java:164)
	at org.springframework.beans.factory.support.DefaultListableBeanFactory.preInstantiateSingletons(DefaultListableBeanFactory.java:429)
	at org.springframework.context.support.AbstractApplicationContext.finishBeanFactoryInitialization(AbstractApplicationContext.java:728)
	at org.springframework.context.support.AbstractApplicationContext.refresh(AbstractApplicationContext.java:380)
	at org.springframework.test.context.support.AbstractGenericContextLoader.loadContext(AbstractGenericContextLoader.java:84)
	at org.springframework.test.context.support.AbstractGenericContextLoader.loadContext(AbstractGenericContextLoader.java:42)
	at org.springframework.test.context.TestContext.loadApplicationContext(TestContext.java:173)
	at org.springframework.test.context.TestContext.getApplicationContext(TestContext.java:197)
	... 23 more
Caused by: org.springframework.beans.factory.BeanCreationException: Error creating bean with name 'transactionInterceptor' defined in class path resource [applicationContext-service.xml]: Cannot resolve reference to bean 'transactionManager' while setting bean property 'transactionManager'; nested exception is org.springframework.beans.factory.BeanCreationException: Error creating bean with name 'transactionManager' defined in class path resource [applicationContext-service.xml]: Cannot resolve reference to bean 'sessionFactory' while setting bean property 'sessionFactory'; nested exception is org.springframework.beans.factory.BeanCreationException: Error creating bean with name 'sessionFactory': Autowiring of fields failed; nested exception is org.springframework.beans.factory.BeanCreationException: Could not autowire field: public java.util.Map org.openmrs.api.db.hibernate.HibernateSessionFactoryBean.interceptors; nested exception is org.springframework.beans.factory.CannotLoadBeanClassException: Cannot find class [@MODULE_PACKAGE@.web.controller.importbillables.ProcessBillableServicesImportController] for bean with name 'processBillableServicesController' defined in URL [file:/media/OS/Workspace/Git%20Projects/moh-billing/omod/target/classes/moduleApplicationContext.xml]; nested exception is java.lang.ClassNotFoundException: @MODULE_PACKAGE@.web.controller.importbillables.ProcessBillableServicesImportController
	at org.springframework.beans.factory.support.BeanDefinitionValueResolver.resolveReference(BeanDefinitionValueResolver.java:275)
	at org.springframework.beans.factory.support.BeanDefinitionValueResolver.resolveValueIfNecessary(BeanDefinitionValueResolver.java:104)
	at org.springframework.beans.factory.support.AbstractAutowireCapableBeanFactory.applyPropertyValues(AbstractAutowireCapableBeanFactory.java:1245)
	at org.springframework.beans.factory.support.AbstractAutowireCapableBeanFactory.populateBean(AbstractAutowireCapableBeanFactory.java:1010)
	at org.springframework.beans.factory.support.AbstractAutowireCapableBeanFactory.doCreateBean(AbstractAutowireCapableBeanFactory.java:472)
	at org.springframework.beans.factory.support.AbstractAutowireCapableBeanFactory$1.run(AbstractAutowireCapableBeanFactory.java:409)
	at java.security.AccessController.doPrivileged(Native Method)
	at org.springframework.beans.factory.support.AbstractAutowireCapableBeanFactory.createBean(AbstractAutowireCapableBeanFactory.java:380)
	at org.springframework.beans.factory.support.AbstractBeanFactory$1.getObject(AbstractBeanFactory.java:264)
	at org.springframework.beans.factory.support.DefaultSingletonBeanRegistry.getSingleton(DefaultSingletonBeanRegistry.java:222)
	at org.springframework.beans.factory.support.AbstractBeanFactory.doGetBean(AbstractBeanFactory.java:261)
	at org.springframework.beans.factory.support.AbstractBeanFactory.getBean(AbstractBeanFactory.java:185)
	at org.springframework.beans.factory.support.AbstractBeanFactory.getBean(AbstractBeanFactory.java:164)
	at org.springframework.beans.factory.support.BeanDefinitionValueResolver.resolveReference(BeanDefinitionValueResolver.java:269)
	... 42 more
Caused by: org.springframework.beans.factory.BeanCreationException: Error creating bean with name 'transactionManager' defined in class path resource [applicationContext-service.xml]: Cannot resolve reference to bean 'sessionFactory' while setting bean property 'sessionFactory'; nested exception is org.springframework.beans.factory.BeanCreationException: Error creating bean with name 'sessionFactory': Autowiring of fields failed; nested exception is org.springframework.beans.factory.BeanCreationException: Could not autowire field: public java.util.Map org.openmrs.api.db.hibernate.HibernateSessionFactoryBean.interceptors; nested exception is org.springframework.beans.factory.CannotLoadBeanClassException: Cannot find class [@MODULE_PACKAGE@.web.controller.importbillables.ProcessBillableServicesImportController] for bean with name 'processBillableServicesController' defined in URL [file:/media/OS/Workspace/Git%20Projects/moh-billing/omod/target/classes/moduleApplicationContext.xml]; nested exception is java.lang.ClassNotFoundException: @MODULE_PACKAGE@.web.controller.importbillables.ProcessBillableServicesImportController
	at org.springframework.beans.factory.support.BeanDefinitionValueResolver.resolveReference(BeanDefinitionValueResolver.java:275)
	at org.springframework.beans.factory.support.BeanDefinitionValueResolver.resolveValueIfNecessary(BeanDefinitionValueResolver.java:104)
	at org.springframework.beans.factory.support.AbstractAutowireCapableBeanFactory.applyPropertyValues(AbstractAutowireCapableBeanFactory.java:1245)
	at org.springframework.beans.factory.support.AbstractAutowireCapableBeanFactory.populateBean(AbstractAutowireCapableBeanFactory.java:1010)
	at org.springframework.beans.factory.support.AbstractAutowireCapableBeanFactory.doCreateBean(AbstractAutowireCapableBeanFactory.java:472)
	at org.springframework.beans.factory.support.AbstractAutowireCapableBeanFactory$1.run(AbstractAutowireCapableBeanFactory.java:409)
	at java.security.AccessController.doPrivileged(Native Method)
	at org.springframework.beans.factory.support.AbstractAutowireCapableBeanFactory.createBean(AbstractAutowireCapableBeanFactory.java:380)
	at org.springframework.beans.factory.support.AbstractBeanFactory$1.getObject(AbstractBeanFactory.java:264)
	at org.springframework.beans.factory.support.DefaultSingletonBeanRegistry.getSingleton(DefaultSingletonBeanRegistry.java:222)
	at org.springframework.beans.factory.support.AbstractBeanFactory.doGetBean(AbstractBeanFactory.java:261)
	at org.springframework.beans.factory.support.AbstractBeanFactory.getBean(AbstractBeanFactory.java:185)
	at org.springframework.beans.factory.support.AbstractBeanFactory.getBean(AbstractBeanFactory.java:164)
	at org.springframework.beans.factory.support.BeanDefinitionValueResolver.resolveReference(BeanDefinitionValueResolver.java:269)
	... 55 more
Caused by: org.springframework.beans.factory.BeanCreationException: Error creating bean with name 'sessionFactory': Autowiring of fields failed; nested exception is org.springframework.beans.factory.BeanCreationException: Could not autowire field: public java.util.Map org.openmrs.api.db.hibernate.HibernateSessionFactoryBean.interceptors; nested exception is org.springframework.beans.factory.CannotLoadBeanClassException: Cannot find class [@MODULE_PACKAGE@.web.controller.importbillables.ProcessBillableServicesImportController] for bean with name 'processBillableServicesController' defined in URL [file:/media/OS/Workspace/Git%20Projects/moh-billing/omod/target/classes/moduleApplicationContext.xml]; nested exception is java.lang.ClassNotFoundException: @MODULE_PACKAGE@.web.controller.importbillables.ProcessBillableServicesImportController
	at org.springframework.beans.factory.annotation.AutowiredAnnotationBeanPostProcessor.postProcessAfterInstantiation(AutowiredAnnotationBeanPostProcessor.java:243)
	at org.springframework.beans.factory.support.AbstractAutowireCapableBeanFactory.populateBean(AbstractAutowireCapableBeanFactory.java:959)
	at org.springframework.beans.factory.support.AbstractAutowireCapableBeanFactory.doCreateBean(AbstractAutowireCapableBeanFactory.java:472)
	at org.springframework.beans.factory.support.AbstractAutowireCapableBeanFactory$1.run(AbstractAutowireCapableBeanFactory.java:409)
	at java.security.AccessController.doPrivileged(Native Method)
	at org.springframework.beans.factory.support.AbstractAutowireCapableBeanFactory.createBean(AbstractAutowireCapableBeanFactory.java:380)
	at org.springframework.beans.factory.support.AbstractBeanFactory$1.getObject(AbstractBeanFactory.java:264)
	at org.springframework.beans.factory.support.DefaultSingletonBeanRegistry.getSingleton(DefaultSingletonBeanRegistry.java:222)
	at org.springframework.beans.factory.support.AbstractBeanFactory.doGetBean(AbstractBeanFactory.java:261)
	at org.springframework.beans.factory.support.AbstractBeanFactory.getBean(AbstractBeanFactory.java:185)
	at org.springframework.beans.factory.support.AbstractBeanFactory.getBean(AbstractBeanFactory.java:164)
	at org.springframework.beans.factory.support.BeanDefinitionValueResolver.resolveReference(BeanDefinitionValueResolver.java:269)
	... 68 more
Caused by: org.springframework.beans.factory.BeanCreationException: Could not autowire field: public java.util.Map org.openmrs.api.db.hibernate.HibernateSessionFactoryBean.interceptors; nested exception is org.springframework.beans.factory.CannotLoadBeanClassException: Cannot find class [@MODULE_PACKAGE@.web.controller.importbillables.ProcessBillableServicesImportController] for bean with name 'processBillableServicesController' defined in URL [file:/media/OS/Workspace/Git%20Projects/moh-billing/omod/target/classes/moduleApplicationContext.xml]; nested exception is java.lang.ClassNotFoundException: @MODULE_PACKAGE@.web.controller.importbillables.ProcessBillableServicesImportController
	at org.springframework.beans.factory.annotation.AutowiredAnnotationBeanPostProcessor$AutowiredFieldElement.inject(AutowiredAnnotationBeanPostProcessor.java:435)
	at org.springframework.beans.factory.annotation.InjectionMetadata.injectFields(InjectionMetadata.java:105)
	at org.springframework.beans.factory.annotation.AutowiredAnnotationBeanPostProcessor.postProcessAfterInstantiation(AutowiredAnnotationBeanPostProcessor.java:240)
	... 79 more
Caused by: org.springframework.beans.factory.CannotLoadBeanClassException: Cannot find class [@MODULE_PACKAGE@.web.controller.importbillables.ProcessBillableServicesImportController] for bean with name 'processBillableServicesController' defined in URL [file:/media/OS/Workspace/Git%20Projects/moh-billing/omod/target/classes/moduleApplicationContext.xml]; nested exception is java.lang.ClassNotFoundException: @MODULE_PACKAGE@.web.controller.importbillables.ProcessBillableServicesImportController
	at org.springframework.beans.factory.support.AbstractBeanFactory.resolveBeanClass(AbstractBeanFactory.java:1141)
	at org.springframework.beans.factory.support.AbstractAutowireCapableBeanFactory.predictBeanType(AbstractAutowireCapableBeanFactory.java:524)
	at org.springframework.beans.factory.support.AbstractBeanFactory.isFactoryBean(AbstractBeanFactory.java:1177)
	at org.springframework.beans.factory.support.DefaultListableBeanFactory.getBeanNamesForType(DefaultListableBeanFactory.java:222)
	at org.springframework.beans.factory.BeanFactoryUtils.beanNamesForTypeIncludingAncestors(BeanFactoryUtils.java:187)
	at org.springframework.beans.factory.support.DefaultListableBeanFactory.findAutowireCandidates(DefaultListableBeanFactory.java:652)
	at org.springframework.beans.factory.support.DefaultListableBeanFactory.resolveDependency(DefaultListableBeanFactory.java:597)
	at org.springframework.beans.factory.annotation.AutowiredAnnotationBeanPostProcessor$AutowiredFieldElement.inject(AutowiredAnnotationBeanPostProcessor.java:412)
	... 81 more
Caused by: java.lang.ClassNotFoundException: @MODULE_PACKAGE@.web.controller.importbillables.ProcessBillableServicesImportController
	at java.net.URLClassLoader$1.run(URLClassLoader.java:217)
	at java.security.AccessController.doPrivileged(Native Method)
	at java.net.URLClassLoader.findClass(URLClassLoader.java:205)
	at java.lang.ClassLoader.loadClass(ClassLoader.java:323)
	at sun.misc.Launcher$AppClassLoader.loadClass(Launcher.java:294)
	at java.lang.ClassLoader.loadClass(ClassLoader.java:268)
	at org.openmrs.util.OpenmrsClassLoader.loadClass(OpenmrsClassLoader.java:144)
	at java.lang.ClassLoader.loadClass(ClassLoader.java:268)
	at org.springframework.util.ClassUtils.forName(ClassUtils.java:211)
	at org.springframework.beans.factory.support.AbstractBeanDefinition.resolveBeanClass(AbstractBeanDefinition.java:385)
	at org.springframework.beans.factory.support.AbstractBeanFactory.resolveBeanClass(AbstractBeanFactory.java:1138)
	... 88 more
testGetAndSaveBillPayment(org.openmrs.module.mohbilling.testcases.BillingAPIPatientBillTest)  Time elapsed: 0.004 sec  <<< ERROR!
java.lang.IllegalStateException: Failed to load ApplicationContext
	at org.springframework.test.context.TestContext.getApplicationContext(TestContext.java:201)
	at org.springframework.test.context.support.DependencyInjectionTestExecutionListener.injectDependencies(DependencyInjectionTestExecutionListener.java:109)
	at org.springframework.test.context.support.DependencyInjectionTestExecutionListener.prepareTestInstance(DependencyInjectionTestExecutionListener.java:75)
	at org.springframework.test.context.TestContextManager.prepareTestInstance(TestContextManager.java:255)
	at org.springframework.test.context.junit4.SpringJUnit4ClassRunner.createTest(SpringJUnit4ClassRunner.java:111)
	at org.springframework.test.context.junit4.SpringJUnit4ClassRunner.invokeTestMethod(SpringJUnit4ClassRunner.java:148)
	at org.junit.internal.runners.JUnit4ClassRunner.runMethods(JUnit4ClassRunner.java:51)
	at org.junit.internal.runners.JUnit4ClassRunner$1.run(JUnit4ClassRunner.java:44)
	at org.junit.internal.runners.ClassRoadie.runUnprotected(ClassRoadie.java:27)
	at org.junit.internal.runners.ClassRoadie.runProtected(ClassRoadie.java:37)
	at org.junit.internal.runners.JUnit4ClassRunner.run(JUnit4ClassRunner.java:42)
	at org.springframework.test.context.junit4.SpringJUnit4ClassRunner.run(SpringJUnit4ClassRunner.java:97)
	at org.apache.maven.surefire.junit4.JUnit4TestSet.execute(JUnit4TestSet.java:53)
	at org.apache.maven.surefire.junit4.JUnit4Provider.executeTestSet(JUnit4Provider.java:123)
	at org.apache.maven.surefire.junit4.JUnit4Provider.invoke(JUnit4Provider.java:104)
	at sun.reflect.NativeMethodAccessorImpl.invoke0(Native Method)
	at sun.reflect.NativeMethodAccessorImpl.invoke(NativeMethodAccessorImpl.java:57)
	at sun.reflect.DelegatingMethodAccessorImpl.invoke(DelegatingMethodAccessorImpl.java:43)
	at java.lang.reflect.Method.invoke(Method.java:622)
	at org.apache.maven.surefire.util.ReflectionUtils.invokeMethodWithArray(ReflectionUtils.java:164)
	at org.apache.maven.surefire.booter.ProviderFactory$ProviderProxy.invoke(ProviderFactory.java:110)
	at org.apache.maven.surefire.booter.SurefireStarter.invokeProvider(SurefireStarter.java:175)
	at org.apache.maven.surefire.booter.SurefireStarter.runSuitesInProcessWhenForked(SurefireStarter.java:107)
	at org.apache.maven.surefire.booter.ForkedBooter.main(ForkedBooter.java:68)
Caused by: org.springframework.beans.factory.BeanCreationException: Error creating bean with name 'org.springframework.transaction.interceptor.TransactionAttributeSourceAdvisor#0' defined in class path resource [applicationContext-service.xml]: Cannot resolve reference to bean 'transactionInterceptor' while setting bean property 'transactionInterceptor'; nested exception is org.springframework.beans.factory.BeanCreationException: Error creating bean with name 'transactionInterceptor' defined in class path resource [applicationContext-service.xml]: Cannot resolve reference to bean 'transactionManager' while setting bean property 'transactionManager'; nested exception is org.springframework.beans.factory.BeanCreationException: Error creating bean with name 'transactionManager' defined in class path resource [applicationContext-service.xml]: Cannot resolve reference to bean 'sessionFactory' while setting bean property 'sessionFactory'; nested exception is org.springframework.beans.factory.BeanCreationException: Error creating bean with name 'sessionFactory': Autowiring of fields failed; nested exception is org.springframework.beans.factory.BeanCreationException: Could not autowire field: public java.util.Map org.openmrs.api.db.hibernate.HibernateSessionFactoryBean.interceptors; nested exception is org.springframework.beans.factory.CannotLoadBeanClassException: Cannot find class [@MODULE_PACKAGE@.web.controller.importbillables.ProcessBillableServicesImportController] for bean with name 'processBillableServicesController' defined in URL [file:/media/OS/Workspace/Git%20Projects/moh-billing/omod/target/classes/moduleApplicationContext.xml]; nested exception is java.lang.ClassNotFoundException: @MODULE_PACKAGE@.web.controller.importbillables.ProcessBillableServicesImportController
Related cause: org.springframework.beans.factory.CannotLoadBeanClassException: Cannot find class [@MODULE_PACKAGE@.web.controller.importbillables.ProcessBillableServicesImportController] for bean with name 'processBillableServicesController' defined in URL [file:/media/OS/Workspace/Git%20Projects/moh-billing/omod/target/classes/moduleApplicationContext.xml]; nested exception is java.lang.ClassNotFoundException: @MODULE_PACKAGE@.web.controller.importbillables.ProcessBillableServicesImportController
Related cause: org.springframework.beans.factory.CannotLoadBeanClassException: Cannot find class [@MODULE_PACKAGE@.web.controller.importbillables.ImportBillableServicesFormController] for bean with name 'importBillableServicesFormController' defined in URL [file:/media/OS/Workspace/Git%20Projects/moh-billing/omod/target/classes/moduleApplicationContext.xml]; nested exception is java.lang.ClassNotFoundException: @MODULE_PACKAGE@.web.controller.importbillables.ImportBillableServicesFormController
Related cause: org.springframework.beans.factory.BeanCreationException: Error creating bean with name 'patientService' defined in class path resource [applicationContext-service.xml]: Cannot resolve reference to bean 'patientServiceTarget' while setting bean property 'target'; nested exception is org.springframework.beans.factory.BeanCreationException: Error creating bean with name 'patientServiceTarget' defined in class path resource [applicationContext-service.xml]: Cannot resolve reference to bean 'patientDAO' while setting bean property 'patientDAO'; nested exception is org.springframework.beans.factory.BeanCreationException: Error creating bean with name 'patientDAO' defined in class path resource [applicationContext-service.xml]: Cannot resolve reference to bean 'sessionFactory' while setting bean property 'sessionFactory'; nested exception is org.springframework.beans.factory.BeanCurrentlyInCreationException: Error creating bean with name 'sessionFactory': FactoryBean which is currently in creation returned null from getObject
Related cause: org.springframework.beans.factory.BeanCreationException: Error creating bean with name 'personService' defined in class path resource [applicationContext-service.xml]: Cannot resolve reference to bean 'personServiceTarget' while setting bean property 'target'; nested exception is org.springframework.beans.factory.BeanCreationException: Error creating bean with name 'personServiceTarget' defined in class path resource [applicationContext-service.xml]: Cannot resolve reference to bean 'personDAO' while setting bean property 'personDAO'; nested exception is org.springframework.beans.factory.BeanCreationException: Error creating bean with name 'personDAO' defined in class path resource [applicationContext-service.xml]: Cannot resolve reference to bean 'sessionFactory' while setting bean property 'sessionFactory'; nested exception is org.springframework.beans.factory.BeanCurrentlyInCreationException: Error creating bean with name 'sessionFactory': FactoryBean which is currently in creation returned null from getObject
Related cause: org.springframework.beans.factory.BeanCreationException: Error creating bean with name 'conceptService' defined in class path resource [applicationContext-service.xml]: Cannot resolve reference to bean 'conceptServiceTarget' while setting bean property 'target'; nested exception is org.springframework.beans.factory.BeanCreationException: Error creating bean with name 'conceptServiceTarget' defined in class path resource [applicationContext-service.xml]: Cannot resolve reference to bean 'conceptDAO' while setting bean property 'conceptDAO'; nested exception is org.springframework.beans.factory.BeanCreationException: Error creating bean with name 'conceptDAO' defined in class path resource [applicationContext-service.xml]: Cannot resolve reference to bean 'sessionFactory' while setting bean property 'sessionFactory'; nested exception is org.springframework.beans.factory.BeanCurrentlyInCreationException: Error creating bean with name 'sessionFactory': FactoryBean which is currently in creation returned null from getObject
Related cause: org.springframework.beans.factory.BeanCreationException: Error creating bean with name 'userService' defined in class path resource [applicationContext-service.xml]: Cannot resolve reference to bean 'userServiceTarget' while setting bean property 'target'; nested exception is org.springframework.beans.factory.BeanCreationException: Error creating bean with name 'userServiceTarget' defined in class path resource [applicationContext-service.xml]: Cannot resolve reference to bean 'userDAO' while setting bean property 'userDAO'; nested exception is org.springframework.beans.factory.BeanCreationException: Error creating bean with name 'userDAO' defined in class path resource [applicationContext-service.xml]: Cannot resolve reference to bean 'sessionFactory' while setting bean property 'sessionFactory'; nested exception is org.springframework.beans.factory.BeanCurrentlyInCreationException: Error creating bean with name 'sessionFactory': FactoryBean which is currently in creation returned null from getObject
Related cause: org.springframework.beans.factory.BeanCreationException: Error creating bean with name 'obsService' defined in class path resource [applicationContext-service.xml]: Cannot resolve reference to bean 'obsServiceTarget' while setting bean property 'target'; nested exception is org.springframework.beans.factory.BeanCreationException: Error creating bean with name 'obsServiceTarget' defined in class path resource [applicationContext-service.xml]: Cannot resolve reference to bean 'obsDAO' while setting bean property 'obsDAO'; nested exception is org.springframework.beans.factory.BeanCreationException: Error creating bean with name 'obsDAO' defined in class path resource [applicationContext-service.xml]: Cannot resolve reference to bean 'sessionFactory' while setting bean property 'sessionFactory'; nested exception is org.springframework.beans.factory.BeanCurrentlyInCreationException: Error creating bean with name 'sessionFactory': FactoryBean which is currently in creation returned null from getObject
Related cause: org.springframework.beans.factory.BeanCreationException: Error creating bean with name 'encounterService' defined in class path resource [applicationContext-service.xml]: Cannot resolve reference to bean 'encounterServiceTarget' while setting bean property 'target'; nested exception is org.springframework.beans.factory.BeanCreationException: Error creating bean with name 'encounterServiceTarget' defined in class path resource [applicationContext-service.xml]: Cannot resolve reference to bean 'encounterDAO' while setting bean property 'encounterDAO'; nested exception is org.springframework.beans.factory.BeanCreationException: Error creating bean with name 'encounterDAO' defined in class path resource [applicationContext-service.xml]: Cannot resolve reference to bean 'sessionFactory' while setting bean property 'sessionFactory'; nested exception is org.springframework.beans.factory.BeanCurrentlyInCreationException: Error creating bean with name 'sessionFactory': FactoryBean which is currently in creation returned null from getObject
Related cause: org.springframework.beans.factory.BeanCreationException: Error creating bean with name 'locationService' defined in class path resource [applicationContext-service.xml]: Cannot resolve reference to bean 'locationServiceTarget' while setting bean property 'target'; nested exception is org.springframework.beans.factory.BeanCreationException: Error creating bean with name 'locationServiceTarget' defined in class path resource [applicationContext-service.xml]: Cannot resolve reference to bean 'locationDAO' while setting bean property 'locationDAO'; nested exception is org.springframework.beans.factory.BeanCreationException: Error creating bean with name 'locationDAO' defined in class path resource [applicationContext-service.xml]: Cannot resolve reference to bean 'sessionFactory' while setting bean property 'sessionFactory'; nested exception is org.springframework.beans.factory.BeanCurrentlyInCreationException: Error creating bean with name 'sessionFactory': FactoryBean which is currently in creation returned null from getObject
Related cause: org.springframework.beans.factory.BeanCreationException: Error creating bean with name 'orderService' defined in class path resource [applicationContext-service.xml]: Cannot resolve reference to bean 'orderServiceTarget' while setting bean property 'target'; nested exception is org.springframework.beans.factory.BeanCreationException: Error creating bean with name 'orderServiceTarget' defined in class path resource [applicationContext-service.xml]: Cannot resolve reference to bean 'orderDAO' while setting bean property 'orderDAO'; nested exception is org.springframework.beans.factory.BeanCreationException: Error creating bean with name 'orderDAO' defined in class path resource [applicationContext-service.xml]: Cannot resolve reference to bean 'sessionFactory' while setting bean property 'sessionFactory'; nested exception is org.springframework.beans.factory.BeanCurrentlyInCreationException: Error creating bean with name 'sessionFactory': FactoryBean which is currently in creation returned null from getObject
Related cause: org.springframework.beans.factory.BeanCreationException: Error creating bean with name 'formService' defined in class path resource [applicationContext-service.xml]: Cannot resolve reference to bean 'formServiceTarget' while setting bean property 'target'; nested exception is org.springframework.beans.factory.BeanCreationException: Error creating bean with name 'formServiceTarget' defined in class path resource [applicationContext-service.xml]: Cannot resolve reference to bean 'formDAO' while setting bean property 'formDAO'; nested exception is org.springframework.beans.factory.BeanCreationException: Error creating bean with name 'formDAO' defined in class path resource [applicationContext-service.xml]: Cannot resolve reference to bean 'sessionFactory' while setting bean property 'sessionFactory'; nested exception is org.springframework.beans.factory.BeanCurrentlyInCreationException: Error creating bean with name 'sessionFactory': FactoryBean which is currently in creation returned null from getObject
Related cause: org.springframework.beans.factory.BeanCreationException: Error creating bean with name 'adminService' defined in class path resource [applicationContext-service.xml]: Cannot resolve reference to bean 'adminServiceTarget' while setting bean property 'target'; nested exception is org.springframework.beans.factory.BeanCreationException: Error creating bean with name 'adminServiceTarget' defined in class path resource [applicationContext-service.xml]: Cannot resolve reference to bean 'adminDAO' while setting bean property 'administrationDAO'; nested exception is org.springframework.beans.factory.BeanCreationException: Error creating bean with name 'adminDAO' defined in class path resource [applicationContext-service.xml]: Cannot resolve reference to bean 'sessionFactory' while setting bean property 'sessionFactory'; nested exception is org.springframework.beans.factory.BeanCurrentlyInCreationException: Error creating bean with name 'sessionFactory': FactoryBean which is currently in creation returned null from getObject
Related cause: org.springframework.beans.factory.BeanCreationException: Error creating bean with name 'programWorkflowService' defined in class path resource [applicationContext-service.xml]: Cannot resolve reference to bean 'programWorkflowServiceTarget' while setting bean property 'target'; nested exception is org.springframework.beans.factory.BeanCreationException: Error creating bean with name 'programWorkflowServiceTarget' defined in class path resource [applicationContext-service.xml]: Cannot resolve reference to bean 'programWorkflowDAO' while setting bean property 'programWorkflowDAO'; nested exception is org.springframework.beans.factory.BeanCreationException: Error creating bean with name 'programWorkflowDAO' defined in class path resource [applicationContext-service.xml]: Cannot resolve reference to bean 'sessionFactory' while setting bean property 'sessionFactory'; nested exception is org.springframework.beans.factory.BeanCurrentlyInCreationException: Error creating bean with name 'sessionFactory': FactoryBean which is currently in creation returned null from getObject
Related cause: org.springframework.beans.factory.BeanCreationException: Error creating bean with name 'messageService' defined in class path resource [applicationContext-service.xml]: Cannot resolve reference to bean 'messageServiceTarget' while setting bean property 'target'; nested exception is org.springframework.beans.factory.BeanCreationException: Error creating bean with name 'messageServiceTarget' defined in class path resource [applicationContext-service.xml]: Cannot resolve reference to bean 'templateDAO' while setting bean property 'templateDAO'; nested exception is org.springframework.beans.factory.BeanCreationException: Error creating bean with name 'templateDAO' defined in class path resource [applicationContext-service.xml]: Cannot resolve reference to bean 'sessionFactory' while setting bean property 'sessionFactory'; nested exception is org.springframework.beans.factory.BeanCurrentlyInCreationException: Error creating bean with name 'sessionFactory': FactoryBean which is currently in creation returned null from getObject
Related cause: org.springframework.beans.factory.BeanCreationException: Error creating bean with name 'patientSetService' defined in class path resource [applicationContext-service.xml]: Cannot resolve reference to bean 'patientSetServiceTarget' while setting bean property 'target'; nested exception is org.springframework.beans.factory.BeanCreationException: Error creating bean with name 'patientSetServiceTarget' defined in class path resource [applicationContext-service.xml]: Cannot resolve reference to bean 'patientSetDAO' while setting bean property 'patientSetDAO'; nested exception is org.springframework.beans.factory.BeanCreationException: Error creating bean with name 'patientSetDAO' defined in class path resource [applicationContext-service.xml]: Cannot resolve reference to bean 'sessionFactory' while setting bean property 'sessionFactory'; nested exception is org.springframework.beans.factory.BeanCurrentlyInCreationException: Error creating bean with name 'sessionFactory': FactoryBean which is currently in creation returned null from getObject
Related cause: org.springframework.beans.factory.BeanCreationException: Error creating bean with name 'cohortService' defined in class path resource [applicationContext-service.xml]: Cannot resolve reference to bean 'cohortServiceTarget' while setting bean property 'target'; nested exception is org.springframework.beans.factory.BeanCreationException: Error creating bean with name 'cohortServiceTarget' defined in class path resource [applicationContext-service.xml]: Cannot resolve reference to bean 'cohortDAO' while setting bean property 'cohortDAO'; nested exception is org.springframework.beans.factory.BeanCreationException: Error creating bean with name 'cohortDAO' defined in class path resource [applicationContext-service.xml]: Cannot resolve reference to bean 'sessionFactory' while setting bean property 'sessionFactory'; nested exception is org.springframework.beans.factory.BeanCurrentlyInCreationException: Error creating bean with name 'sessionFactory': FactoryBean which is currently in creation returned null from getObject
Related cause: org.springframework.beans.factory.BeanCreationException: Error creating bean with name 'schedulerService' defined in class path resource [applicationContext-service.xml]: Cannot resolve reference to bean 'schedulerServiceTarget' while setting bean property 'target'; nested exception is org.springframework.beans.factory.BeanCreationException: Error creating bean with name 'schedulerServiceTarget' defined in class path resource [applicationContext-service.xml]: Cannot resolve reference to bean 'schedulerDAO' while setting bean property 'schedulerDAO'; nested exception is org.springframework.beans.factory.BeanCreationException: Error creating bean with name 'schedulerDAO' defined in class path resource [applicationContext-service.xml]: Cannot resolve reference to bean 'sessionFactory' while setting bean property 'sessionFactory'; nested exception is org.springframework.beans.factory.BeanCurrentlyInCreationException: Error creating bean with name 'sessionFactory': FactoryBean which is currently in creation returned null from getObject
Related cause: org.springframework.beans.factory.BeanCreationException: Error creating bean with name 'alertService' defined in class path resource [applicationContext-service.xml]: Cannot resolve reference to bean 'alertServiceTarget' while setting bean property 'target'; nested exception is org.springframework.beans.factory.BeanCreationException: Error creating bean with name 'alertServiceTarget' defined in class path resource [applicationContext-service.xml]: Cannot resolve reference to bean 'alertDAO' while setting bean property 'alertDAO'; nested exception is org.springframework.beans.factory.BeanCreationException: Error creating bean with name 'alertDAO' defined in class path resource [applicationContext-service.xml]: Cannot resolve reference to bean 'sessionFactory' while setting bean property 'sessionFactory'; nested exception is org.springframework.beans.factory.BeanCurrentlyInCreationException: Error creating bean with name 'sessionFactory': FactoryBean which is currently in creation returned null from getObject
Related cause: org.springframework.beans.factory.BeanCreationException: Error creating bean with name 'reportService' defined in class path resource [applicationContext-service.xml]: Cannot resolve reference to bean 'reportServiceTarget' while setting bean property 'target'; nested exception is org.springframework.beans.factory.BeanCreationException: Error creating bean with name 'reportServiceTarget' defined in class path resource [applicationContext-service.xml]: Cannot resolve reference to bean 'reportDAO' while setting bean property 'reportDAO'; nested exception is org.springframework.beans.factory.BeanCreationException: Error creating bean with name 'reportDAO' defined in class path resource [applicationContext-service.xml]: Cannot resolve reference to bean 'sessionFactory' while setting bean property 'sessionFactory'; nested exception is org.springframework.beans.factory.BeanCurrentlyInCreationException: Error creating bean with name 'sessionFactory': FactoryBean which is currently in creation returned null from getObject
Related cause: org.springframework.beans.factory.BeanCreationException: Error creating bean with name 'reportObjectService' defined in class path resource [applicationContext-service.xml]: Cannot resolve reference to bean 'reportObjectServiceTarget' while setting bean property 'target'; nested exception is org.springframework.beans.factory.BeanCreationException: Error creating bean with name 'reportObjectServiceTarget' defined in class path resource [applicationContext-service.xml]: Cannot resolve reference to bean 'reportObjectDAO' while setting bean property 'reportObjectDAO'; nested exception is org.springframework.beans.factory.BeanCreationException: Error creating bean with name 'reportObjectDAO' defined in class path resource [applicationContext-service.xml]: Cannot resolve reference to bean 'sessionFactory' while setting bean property 'sessionFactory'; nested exception is org.springframework.beans.factory.BeanCurrentlyInCreationException: Error creating bean with name 'sessionFactory': FactoryBean which is currently in creation returned null from getObject
Related cause: org.springframework.beans.factory.BeanCreationException: Error creating bean with name 'hL7Service' defined in class path resource [applicationContext-service.xml]: Cannot resolve reference to bean 'hL7ServiceTarget' while setting bean property 'target'; nested exception is org.springframework.beans.factory.BeanCreationException: Error creating bean with name 'hL7ServiceTarget' defined in class path resource [applicationContext-service.xml]: Cannot resolve reference to bean 'hL7DAO' while setting bean property 'HL7DAO'; nested exception is org.springframework.beans.factory.BeanCreationException: Error creating bean with name 'hL7DAO' defined in class path resource [applicationContext-service.xml]: Cannot resolve reference to bean 'sessionFactory' while setting bean property 'sessionFactory'; nested exception is org.springframework.beans.factory.BeanCurrentlyInCreationException: Error creating bean with name 'sessionFactory': FactoryBean which is currently in creation returned null from getObject
	at org.springframework.beans.factory.support.BeanDefinitionValueResolver.resolveReference(BeanDefinitionValueResolver.java:275)
	at org.springframework.beans.factory.support.BeanDefinitionValueResolver.resolveValueIfNecessary(BeanDefinitionValueResolver.java:104)
	at org.springframework.beans.factory.support.AbstractAutowireCapableBeanFactory.applyPropertyValues(AbstractAutowireCapableBeanFactory.java:1245)
	at org.springframework.beans.factory.support.AbstractAutowireCapableBeanFactory.populateBean(AbstractAutowireCapableBeanFactory.java:1010)
	at org.springframework.beans.factory.support.AbstractAutowireCapableBeanFactory.doCreateBean(AbstractAutowireCapableBeanFactory.java:472)
	at org.springframework.beans.factory.support.AbstractAutowireCapableBeanFactory$1.run(AbstractAutowireCapableBeanFactory.java:409)
	at java.security.AccessController.doPrivileged(Native Method)
	at org.springframework.beans.factory.support.AbstractAutowireCapableBeanFactory.createBean(AbstractAutowireCapableBeanFactory.java:380)
	at org.springframework.beans.factory.support.AbstractBeanFactory$1.getObject(AbstractBeanFactory.java:264)
	at org.springframework.beans.factory.support.DefaultSingletonBeanRegistry.getSingleton(DefaultSingletonBeanRegistry.java:222)
	at org.springframework.beans.factory.support.AbstractBeanFactory.doGetBean(AbstractBeanFactory.java:261)
	at org.springframework.beans.factory.support.AbstractBeanFactory.getBean(AbstractBeanFactory.java:185)
	at org.springframework.beans.factory.support.AbstractBeanFactory.getBean(AbstractBeanFactory.java:164)
	at org.springframework.beans.factory.support.DefaultListableBeanFactory.preInstantiateSingletons(DefaultListableBeanFactory.java:429)
	at org.springframework.context.support.AbstractApplicationContext.finishBeanFactoryInitialization(AbstractApplicationContext.java:728)
	at org.springframework.context.support.AbstractApplicationContext.refresh(AbstractApplicationContext.java:380)
	at org.springframework.test.context.support.AbstractGenericContextLoader.loadContext(AbstractGenericContextLoader.java:84)
	at org.springframework.test.context.support.AbstractGenericContextLoader.loadContext(AbstractGenericContextLoader.java:42)
	at org.springframework.test.context.TestContext.loadApplicationContext(TestContext.java:173)
	at org.springframework.test.context.TestContext.getApplicationContext(TestContext.java:197)
	... 23 more
Caused by: org.springframework.beans.factory.BeanCreationException: Error creating bean with name 'transactionInterceptor' defined in class path resource [applicationContext-service.xml]: Cannot resolve reference to bean 'transactionManager' while setting bean property 'transactionManager'; nested exception is org.springframework.beans.factory.BeanCreationException: Error creating bean with name 'transactionManager' defined in class path resource [applicationContext-service.xml]: Cannot resolve reference to bean 'sessionFactory' while setting bean property 'sessionFactory'; nested exception is org.springframework.beans.factory.BeanCreationException: Error creating bean with name 'sessionFactory': Autowiring of fields failed; nested exception is org.springframework.beans.factory.BeanCreationException: Could not autowire field: public java.util.Map org.openmrs.api.db.hibernate.HibernateSessionFactoryBean.interceptors; nested exception is org.springframework.beans.factory.CannotLoadBeanClassException: Cannot find class [@MODULE_PACKAGE@.web.controller.importbillables.ProcessBillableServicesImportController] for bean with name 'processBillableServicesController' defined in URL [file:/media/OS/Workspace/Git%20Projects/moh-billing/omod/target/classes/moduleApplicationContext.xml]; nested exception is java.lang.ClassNotFoundException: @MODULE_PACKAGE@.web.controller.importbillables.ProcessBillableServicesImportController
	at org.springframework.beans.factory.support.BeanDefinitionValueResolver.resolveReference(BeanDefinitionValueResolver.java:275)
	at org.springframework.beans.factory.support.BeanDefinitionValueResolver.resolveValueIfNecessary(BeanDefinitionValueResolver.java:104)
	at org.springframework.beans.factory.support.AbstractAutowireCapableBeanFactory.applyPropertyValues(AbstractAutowireCapableBeanFactory.java:1245)
	at org.springframework.beans.factory.support.AbstractAutowireCapableBeanFactory.populateBean(AbstractAutowireCapableBeanFactory.java:1010)
	at org.springframework.beans.factory.support.AbstractAutowireCapableBeanFactory.doCreateBean(AbstractAutowireCapableBeanFactory.java:472)
	at org.springframework.beans.factory.support.AbstractAutowireCapableBeanFactory$1.run(AbstractAutowireCapableBeanFactory.java:409)
	at java.security.AccessController.doPrivileged(Native Method)
	at org.springframework.beans.factory.support.AbstractAutowireCapableBeanFactory.createBean(AbstractAutowireCapableBeanFactory.java:380)
	at org.springframework.beans.factory.support.AbstractBeanFactory$1.getObject(AbstractBeanFactory.java:264)
	at org.springframework.beans.factory.support.DefaultSingletonBeanRegistry.getSingleton(DefaultSingletonBeanRegistry.java:222)
	at org.springframework.beans.factory.support.AbstractBeanFactory.doGetBean(AbstractBeanFactory.java:261)
	at org.springframework.beans.factory.support.AbstractBeanFactory.getBean(AbstractBeanFactory.java:185)
	at org.springframework.beans.factory.support.AbstractBeanFactory.getBean(AbstractBeanFactory.java:164)
	at org.springframework.beans.factory.support.BeanDefinitionValueResolver.resolveReference(BeanDefinitionValueResolver.java:269)
	... 42 more
Caused by: org.springframework.beans.factory.BeanCreationException: Error creating bean with name 'transactionManager' defined in class path resource [applicationContext-service.xml]: Cannot resolve reference to bean 'sessionFactory' while setting bean property 'sessionFactory'; nested exception is org.springframework.beans.factory.BeanCreationException: Error creating bean with name 'sessionFactory': Autowiring of fields failed; nested exception is org.springframework.beans.factory.BeanCreationException: Could not autowire field: public java.util.Map org.openmrs.api.db.hibernate.HibernateSessionFactoryBean.interceptors; nested exception is org.springframework.beans.factory.CannotLoadBeanClassException: Cannot find class [@MODULE_PACKAGE@.web.controller.importbillables.ProcessBillableServicesImportController] for bean with name 'processBillableServicesController' defined in URL [file:/media/OS/Workspace/Git%20Projects/moh-billing/omod/target/classes/moduleApplicationContext.xml]; nested exception is java.lang.ClassNotFoundException: @MODULE_PACKAGE@.web.controller.importbillables.ProcessBillableServicesImportController
	at org.springframework.beans.factory.support.BeanDefinitionValueResolver.resolveReference(BeanDefinitionValueResolver.java:275)
	at org.springframework.beans.factory.support.BeanDefinitionValueResolver.resolveValueIfNecessary(BeanDefinitionValueResolver.java:104)
	at org.springframework.beans.factory.support.AbstractAutowireCapableBeanFactory.applyPropertyValues(AbstractAutowireCapableBeanFactory.java:1245)
	at org.springframework.beans.factory.support.AbstractAutowireCapableBeanFactory.populateBean(AbstractAutowireCapableBeanFactory.java:1010)
	at org.springframework.beans.factory.support.AbstractAutowireCapableBeanFactory.doCreateBean(AbstractAutowireCapableBeanFactory.java:472)
	at org.springframework.beans.factory.support.AbstractAutowireCapableBeanFactory$1.run(AbstractAutowireCapableBeanFactory.java:409)
	at java.security.AccessController.doPrivileged(Native Method)
	at org.springframework.beans.factory.support.AbstractAutowireCapableBeanFactory.createBean(AbstractAutowireCapableBeanFactory.java:380)
	at org.springframework.beans.factory.support.AbstractBeanFactory$1.getObject(AbstractBeanFactory.java:264)
	at org.springframework.beans.factory.support.DefaultSingletonBeanRegistry.getSingleton(DefaultSingletonBeanRegistry.java:222)
	at org.springframework.beans.factory.support.AbstractBeanFactory.doGetBean(AbstractBeanFactory.java:261)
	at org.springframework.beans.factory.support.AbstractBeanFactory.getBean(AbstractBeanFactory.java:185)
	at org.springframework.beans.factory.support.AbstractBeanFactory.getBean(AbstractBeanFactory.java:164)
	at org.springframework.beans.factory.support.BeanDefinitionValueResolver.resolveReference(BeanDefinitionValueResolver.java:269)
	... 55 more
Caused by: org.springframework.beans.factory.BeanCreationException: Error creating bean with name 'sessionFactory': Autowiring of fields failed; nested exception is org.springframework.beans.factory.BeanCreationException: Could not autowire field: public java.util.Map org.openmrs.api.db.hibernate.HibernateSessionFactoryBean.interceptors; nested exception is org.springframework.beans.factory.CannotLoadBeanClassException: Cannot find class [@MODULE_PACKAGE@.web.controller.importbillables.ProcessBillableServicesImportController] for bean with name 'processBillableServicesController' defined in URL [file:/media/OS/Workspace/Git%20Projects/moh-billing/omod/target/classes/moduleApplicationContext.xml]; nested exception is java.lang.ClassNotFoundException: @MODULE_PACKAGE@.web.controller.importbillables.ProcessBillableServicesImportController
	at org.springframework.beans.factory.annotation.AutowiredAnnotationBeanPostProcessor.postProcessAfterInstantiation(AutowiredAnnotationBeanPostProcessor.java:243)
	at org.springframework.beans.factory.support.AbstractAutowireCapableBeanFactory.populateBean(AbstractAutowireCapableBeanFactory.java:959)
	at org.springframework.beans.factory.support.AbstractAutowireCapableBeanFactory.doCreateBean(AbstractAutowireCapableBeanFactory.java:472)
	at org.springframework.beans.factory.support.AbstractAutowireCapableBeanFactory$1.run(AbstractAutowireCapableBeanFactory.java:409)
	at java.security.AccessController.doPrivileged(Native Method)
	at org.springframework.beans.factory.support.AbstractAutowireCapableBeanFactory.createBean(AbstractAutowireCapableBeanFactory.java:380)
	at org.springframework.beans.factory.support.AbstractBeanFactory$1.getObject(AbstractBeanFactory.java:264)
	at org.springframework.beans.factory.support.DefaultSingletonBeanRegistry.getSingleton(DefaultSingletonBeanRegistry.java:222)
	at org.springframework.beans.factory.support.AbstractBeanFactory.doGetBean(AbstractBeanFactory.java:261)
	at org.springframework.beans.factory.support.AbstractBeanFactory.getBean(AbstractBeanFactory.java:185)
	at org.springframework.beans.factory.support.AbstractBeanFactory.getBean(AbstractBeanFactory.java:164)
	at org.springframework.beans.factory.support.BeanDefinitionValueResolver.resolveReference(BeanDefinitionValueResolver.java:269)
	... 68 more
Caused by: org.springframework.beans.factory.BeanCreationException: Could not autowire field: public java.util.Map org.openmrs.api.db.hibernate.HibernateSessionFactoryBean.interceptors; nested exception is org.springframework.beans.factory.CannotLoadBeanClassException: Cannot find class [@MODULE_PACKAGE@.web.controller.importbillables.ProcessBillableServicesImportController] for bean with name 'processBillableServicesController' defined in URL [file:/media/OS/Workspace/Git%20Projects/moh-billing/omod/target/classes/moduleApplicationContext.xml]; nested exception is java.lang.ClassNotFoundException: @MODULE_PACKAGE@.web.controller.importbillables.ProcessBillableServicesImportController
	at org.springframework.beans.factory.annotation.AutowiredAnnotationBeanPostProcessor$AutowiredFieldElement.inject(AutowiredAnnotationBeanPostProcessor.java:435)
	at org.springframework.beans.factory.annotation.InjectionMetadata.injectFields(InjectionMetadata.java:105)
	at org.springframework.beans.factory.annotation.AutowiredAnnotationBeanPostProcessor.postProcessAfterInstantiation(AutowiredAnnotationBeanPostProcessor.java:240)
	... 79 more
Caused by: org.springframework.beans.factory.CannotLoadBeanClassException: Cannot find class [@MODULE_PACKAGE@.web.controller.importbillables.ProcessBillableServicesImportController] for bean with name 'processBillableServicesController' defined in URL [file:/media/OS/Workspace/Git%20Projects/moh-billing/omod/target/classes/moduleApplicationContext.xml]; nested exception is java.lang.ClassNotFoundException: @MODULE_PACKAGE@.web.controller.importbillables.ProcessBillableServicesImportController
	at org.springframework.beans.factory.support.AbstractBeanFactory.resolveBeanClass(AbstractBeanFactory.java:1141)
	at org.springframework.beans.factory.support.AbstractAutowireCapableBeanFactory.predictBeanType(AbstractAutowireCapableBeanFactory.java:524)
	at org.springframework.beans.factory.support.AbstractBeanFactory.isFactoryBean(AbstractBeanFactory.java:1177)
	at org.springframework.beans.factory.support.DefaultListableBeanFactory.getBeanNamesForType(DefaultListableBeanFactory.java:222)
	at org.springframework.beans.factory.BeanFactoryUtils.beanNamesForTypeIncludingAncestors(BeanFactoryUtils.java:187)
	at org.springframework.beans.factory.support.DefaultListableBeanFactory.findAutowireCandidates(DefaultListableBeanFactory.java:652)
	at org.springframework.beans.factory.support.DefaultListableBeanFactory.resolveDependency(DefaultListableBeanFactory.java:597)
	at org.springframework.beans.factory.annotation.AutowiredAnnotationBeanPostProcessor$AutowiredFieldElement.inject(AutowiredAnnotationBeanPostProcessor.java:412)
	... 81 more
Caused by: java.lang.ClassNotFoundException: @MODULE_PACKAGE@.web.controller.importbillables.ProcessBillableServicesImportController
	at java.net.URLClassLoader$1.run(URLClassLoader.java:217)
	at java.security.AccessController.doPrivileged(Native Method)
	at java.net.URLClassLoader.findClass(URLClassLoader.java:205)
	at java.lang.ClassLoader.loadClass(ClassLoader.java:323)
	at sun.misc.Launcher$AppClassLoader.loadClass(Launcher.java:294)
	at java.lang.ClassLoader.loadClass(ClassLoader.java:268)
	at org.openmrs.util.OpenmrsClassLoader.loadClass(OpenmrsClassLoader.java:144)
	at java.lang.ClassLoader.loadClass(ClassLoader.java:268)
	at org.springframework.util.ClassUtils.forName(ClassUtils.java:211)
	at org.springframework.beans.factory.support.AbstractBeanDefinition.resolveBeanClass(AbstractBeanDefinition.java:385)
	at org.springframework.beans.factory.support.AbstractBeanFactory.resolveBeanClass(AbstractBeanFactory.java:1138)
	... 88 more
testGetAndSavePatientServiceBill(org.openmrs.module.mohbilling.testcases.BillingAPIPatientBillTest)  Time elapsed: 0.004 sec  <<< ERROR!
java.lang.IllegalStateException: Failed to load ApplicationContext
	at org.springframework.test.context.TestContext.getApplicationContext(TestContext.java:201)
	at org.springframework.test.context.support.DependencyInjectionTestExecutionListener.injectDependencies(DependencyInjectionTestExecutionListener.java:109)
[...]
Related cause: org.springframework.beans.factory.BeanCreationException: Error creating bean with name 'reportService' defined in class path resource [applicationContext-service.xml]: Cannot resolve reference to bean 'reportServiceTarget' while setting bean property 'target'; nested exception is org.springframework.beans.factory.BeanCreationException: Error creating bean with name 'reportServiceTarget' defined in class path resource [applicationContext-service.xml]: Cannot resolve reference to bean 'reportDAO' while setting bean property 'reportDAO'; nested exception is org.springframework.beans.factory.BeanCreationException: Error creating bean with name 'reportDAO' defined in class path resource [applicationContext-service.xml]: Cannot resolve reference to bean 'sessionFactory' while setting bean property 'sessionFactory'; nested exception is org.springframework.beans.factory.BeanCurrentlyInCreationException: Error creating bean with name 'sessionFactory': FactoryBean which is currently in creation returned null from getObject
Related cause: org.springframework.beans.factory.BeanCreationException: Error creating bean with name 'reportObjectService' defined in class path resource [applicationContext-service.xml]: Cannot resolve reference to bean 'reportObjectServiceTarget' while setting bean property 'target'; nested exception is org.springframework.beans.factory.BeanCreationException: Error creating bean with name 'reportObjectServiceTarget' defined in class path resource [applicationContext-service.xml]: Cannot resolve reference to bean 'reportObjectDAO' while setting bean property 'reportObjectDAO'; nested exception is org.springframework.beans.factory.BeanCreationException: Error creating bean with name 'reportObjectDAO' defined in class path resource [applicationContext-service.xml]: Cannot resolve reference to bean 'sessionFactory' while setting bean property 'sessionFactory'; nested exception is org.springframework.beans.factory.BeanCurrentlyInCreationException: Error creating bean with name 'sessionFactory': FactoryBean which is currently in creation returned null from getObject
Related cause: org.springframework.beans.factory.BeanCreationException: Error creating bean with name 'hL7Service' defined in class path resource [applicationContext-service.xml]: Cannot resolve reference to bean 'hL7ServiceTarget' while setting bean property 'target'; nested exception is org.springframework.beans.factory.BeanCreationException: Error creating bean with name 'hL7ServiceTarget' defined in class path resource [applicationContext-service.xml]: Cannot resolve reference to bean 'hL7DAO' while setting bean property 'HL7DAO'; nested exception is org.springframework.beans.factory.BeanCreationException: Error creating bean with name 'hL7DAO' defined in class path resource [applicationContext-service.xml]: Cannot resolve reference to bean 'sessionFactory' while setting bean property 'sessionFactory'; nested exception is org.springframework.beans.factory.BeanCurrentlyInCreationException: Error creating bean with name 'sessionFactory': FactoryBean which is currently in creation returned null from getObject
	at org.springframework.beans.factory.support.BeanDefinitionValueResolver.resolveReference(BeanDefinitionValueResolver.java:275)
	at org.springframework.beans.factory.support.BeanDefinitionValueResolver.resolveValueIfNecessary(BeanDefinitionValueResolver.java:104)
	at org.springframework.beans.factory.support.AbstractAutowireCapableBeanFactory.applyPropertyValues(AbstractAutowireCapableBeanFactory.java:1245)
	at org.springframework.beans.factory.support.AbstractAutowireCapableBeanFactory.populateBean(AbstractAutowireCapableBeanFactory.java:1010)
	at org.springframework.beans.factory.support.AbstractAutowireCapableBeanFactory.doCreateBean(AbstractAutowireCapableBeanFactory.java:472)
	at org.springframework.beans.factory.support.AbstractAutowireCapableBeanFactory$1.run(AbstractAutowireCapableBeanFactory.java:409)
	at java.security.AccessController.doPrivileged(Native Method)
	at org.springframework.beans.factory.support.AbstractAutowireCapableBeanFactory.createBean(AbstractAutowireCapableBeanFactory.java:380)
	at org.springframework.beans.factory.support.AbstractBeanFactory$1.getObject(AbstractBeanFactory.java:264)
	at org.springframework.beans.factory.support.DefaultSingletonBeanRegistry.getSingleton(DefaultSingletonBeanRegistry.java:222)
	at org.springframework.beans.factory.support.AbstractBeanFactory.doGetBean(AbstractBeanFactory.java:261)
	at org.springframework.beans.factory.support.AbstractBeanFactory.getBean(AbstractBeanFactory.java:185)
	at org.springframework.beans.factory.support.AbstractBeanFactory.getBean(AbstractBeanFactory.java:164)
	at org.springframework.beans.factory.support.DefaultListableBeanFactory.preInstantiateSingletons(DefaultListableBeanFactory.java:429)
	at org.springframework.context.support.AbstractApplicationContext.finishBeanFactoryInitialization(AbstractApplicationContext.java:728)
	at org.springframework.context.support.AbstractApplicationContext.refresh(AbstractApplicationContext.java:380)
	at org.springframework.test.context.support.AbstractGenericContextLoader.loadContext(AbstractGenericContextLoader.java:84)
	at org.springframework.test.context.support.AbstractGenericContextLoader.loadContext(AbstractGenericContextLoader.java:42)
	at org.springframework.test.context.TestContext.loadApplicationContext(TestContext.java:173)
	at org.springframework.test.context.TestContext.getApplicationContext(TestContext.java:197)
	... 23 more
Caused by: org.springframework.beans.factory.BeanCreationException: Error creating bean with name 'transactionInterceptor' defined in class path resource [applicationContext-service.xml]: Cannot resolve reference to bean 'transactionManager' while setting bean property 'transactionManager'; nested exception is org.springframework.beans.factory.BeanCreationException: Error creating bean with name 'transactionManager' defined in class path resource [applicationContext-service.xml]: Cannot resolve reference to bean 'sessionFactory' while setting bean property 'sessionFactory'; nested exception is org.springframework.beans.factory.BeanCreationException: Error creating bean with name 'sessionFactory': Autowiring of fields failed; nested exception is org.springframework.beans.factory.BeanCreationException: Could not autowire field: public java.util.Map org.openmrs.api.db.hibernate.HibernateSessionFactoryBean.interceptors; nested exception is org.springframework.beans.factory.CannotLoadBeanClassException: Cannot find class [@MODULE_PACKAGE@.web.controller.importbillables.ProcessBillableServicesImportController] for bean with name 'processBillableServicesController' defined in URL [file:/media/OS/Workspace/Git%20Projects/moh-billing/omod/target/classes/moduleApplicationContext.xml]; nested exception is java.lang.ClassNotFoundException: @MODULE_PACKAGE@.web.controller.importbillables.ProcessBillableServicesImportController
	at org.springframework.beans.factory.support.BeanDefinitionValueResolver.resolveReference(BeanDefinitionValueResolver.java:275)
	at org.springframework.beans.factory.support.BeanDefinitionValueResolver.resolveValueIfNecessary(BeanDefinitionValueResolver.java:104)
	at org.springframework.beans.factory.support.AbstractAutowireCapableBeanFactory.applyPropertyValues(AbstractAutowireCapableBeanFactory.java:1245)
	at org.springframework.beans.factory.support.AbstractAutowireCapableBeanFactory.populateBean(AbstractAutowireCapableBeanFactory.java:1010)
	at org.springframework.beans.factory.support.AbstractAutowireCapableBeanFactory.doCreateBean(AbstractAutowireCapableBeanFactory.java:472)
	at org.springframework.beans.factory.support.AbstractAutowireCapableBeanFactory$1.run(AbstractAutowireCapableBeanFactory.java:409)
	at java.security.AccessController.doPrivileged(Native Method)
	at org.springframework.beans.factory.support.AbstractAutowireCapableBeanFactory.createBean(AbstractAutowireCapableBeanFactory.java:380)
	at org.springframework.beans.factory.support.AbstractBeanFactory$1.getObject(AbstractBeanFactory.java:264)
	at org.springframework.beans.factory.support.DefaultSingletonBeanRegistry.getSingleton(DefaultSingletonBeanRegistry.java:222)
	at org.springframework.beans.factory.support.AbstractBeanFactory.doGetBean(AbstractBeanFactory.java:261)
	at org.springframework.beans.factory.support.AbstractBeanFactory.getBean(AbstractBeanFactory.java:185)
	at org.springframework.beans.factory.support.AbstractBeanFactory.getBean(AbstractBeanFactory.java:164)
	at org.springframework.beans.factory.support.BeanDefinitionValueResolver.resolveReference(BeanDefinitionValueResolver.java:269)
	... 42 more
Caused by: org.springframework.beans.factory.BeanCreationException: Error creating bean with name 'transactionManager' defined in class path resource [applicationContext-service.xml]: Cannot resolve reference to bean 'sessionFactory' while setting bean property 'sessionFactory'; nested exception is org.springframework.beans.factory.BeanCreationException: Error creating bean with name 'sessionFactory': Autowiring of fields failed; nested exception is org.springframework.beans.factory.BeanCreationException: Could not autowire field: public java.util.Map org.openmrs.api.db.hibernate.HibernateSessionFactoryBean.interceptors; nested exception is org.springframework.beans.factory.CannotLoadBeanClassException: Cannot find class [@MODULE_PACKAGE@.web.controller.importbillables.ProcessBillableServicesImportController] for bean with name 'processBillableServicesController' defined in URL [file:/media/OS/Workspace/Git%20Projects/moh-billing/omod/target/classes/moduleApplicationContext.xml]; nested exception is java.lang.ClassNotFoundException: @MODULE_PACKAGE@.web.controller.importbillables.ProcessBillableServicesImportController
	at org.springframework.beans.factory.support.BeanDefinitionValueResolver.resolveReference(BeanDefinitionValueResolver.java:275)
	at org.springframework.beans.factory.support.BeanDefinitionValueResolver.resolveValueIfNecessary(BeanDefinitionValueResolver.java:104)
	at org.springframework.beans.factory.support.AbstractAutowireCapableBeanFactory.applyPropertyValues(AbstractAutowireCapableBeanFactory.java:1245)
	at org.springframework.beans.factory.support.AbstractAutowireCapableBeanFactory.populateBean(AbstractAutowireCapableBeanFactory.java:1010)
	at org.springframework.beans.factory.support.AbstractAutowireCapableBeanFactory.doCreateBean(AbstractAutowireCapableBeanFactory.java:472)
	at org.springframework.beans.factory.support.AbstractAutowireCapableBeanFactory$1.run(AbstractAutowireCapableBeanFactory.java:409)
	at java.security.AccessController.doPrivileged(Native Method)
	at org.springframework.beans.factory.support.AbstractAutowireCapableBeanFactory.createBean(AbstractAutowireCapableBeanFactory.java:380)
	at org.springframework.beans.factory.support.AbstractBeanFactory$1.getObject(AbstractBeanFactory.java:264)
	at org.springframework.beans.factory.support.DefaultSingletonBeanRegistry.getSingleton(DefaultSingletonBeanRegistry.java:222)
	at org.springframework.beans.factory.support.AbstractBeanFactory.doGetBean(AbstractBeanFactory.java:261)
	at org.springframework.beans.factory.support.AbstractBeanFactory.getBean(AbstractBeanFactory.java:185)
	at org.springframework.beans.factory.support.AbstractBeanFactory.getBean(AbstractBeanFactory.java:164)
	at org.springframework.beans.factory.support.BeanDefinitionValueResolver.resolveReference(BeanDefinitionValueResolver.java:269)
	... 55 more
Caused by: org.springframework.beans.factory.BeanCreationException: Error creating bean with name 'sessionFactory': Autowiring of fields failed; nested exception is org.springframework.beans.factory.BeanCreationException: Could not autowire field: public java.util.Map org.openmrs.api.db.hibernate.HibernateSessionFactoryBean.interceptors; nested exception is org.springframework.beans.factory.CannotLoadBeanClassException: Cannot find class [@MODULE_PACKAGE@.web.controller.importbillables.ProcessBillableServicesImportController] for bean with name 'processBillableServicesController' defined in URL [file:/media/OS/Workspace/Git%20Projects/moh-billing/omod/target/classes/moduleApplicationContext.xml]; nested exception is java.lang.ClassNotFoundException: @MODULE_PACKAGE@.web.controller.importbillables.ProcessBillableServicesImportController
	at org.springframework.beans.factory.annotation.AutowiredAnnotationBeanPostProcessor.postProcessAfterInstantiation(AutowiredAnnotationBeanPostProcessor.java:243)
	at org.springframework.beans.factory.support.AbstractAutowireCapableBeanFactory.populateBean(AbstractAutowireCapableBeanFactory.java:959)
	at org.springframework.beans.factory.support.AbstractAutowireCapableBeanFactory.doCreateBean(AbstractAutowireCapableBeanFactory.java:472)
	at org.springframework.beans.factory.support.AbstractAutowireCapableBeanFactory$1.run(AbstractAutowireCapableBeanFactory.java:409)
	at java.security.AccessController.doPrivileged(Native Method)
	at org.springframework.beans.factory.support.AbstractAutowireCapableBeanFactory.createBean(AbstractAutowireCapableBeanFactory.java:380)
	at org.springframework.beans.factory.support.AbstractBeanFactory$1.getObject(AbstractBeanFactory.java:264)
	at org.springframework.beans.factory.support.DefaultSingletonBeanRegistry.getSingleton(DefaultSingletonBeanRegistry.java:222)
	at org.springframework.beans.factory.support.AbstractBeanFactory.doGetBean(AbstractBeanFactory.java:261)
	at org.springframework.beans.factory.support.AbstractBeanFactory.getBean(AbstractBeanFactory.java:185)
	at org.springframework.beans.factory.support.AbstractBeanFactory.getBean(AbstractBeanFactory.java:164)
	at org.springframework.beans.factory.support.BeanDefinitionValueResolver.resolveReference(BeanDefinitionValueResolver.java:269)
	... 68 more
Caused by: org.springframework.beans.factory.BeanCreationException: Could not autowire field: public java.util.Map org.openmrs.api.db.hibernate.HibernateSessionFactoryBean.interceptors; nested exception is org.springframework.beans.factory.CannotLoadBeanClassException: Cannot find class [@MODULE_PACKAGE@.web.controller.importbillables.ProcessBillableServicesImportController] for bean with name 'processBillableServicesController' defined in URL [file:/media/OS/Workspace/Git%20Projects/moh-billing/omod/target/classes/moduleApplicationContext.xml]; nested exception is java.lang.ClassNotFoundException: @MODULE_PACKAGE@.web.controller.importbillables.ProcessBillableServicesImportController
	at org.springframework.beans.factory.annotation.AutowiredAnnotationBeanPostProcessor$AutowiredFieldElement.inject(AutowiredAnnotationBeanPostProcessor.java:435)
	at org.springframework.beans.factory.annotation.InjectionMetadata.injectFields(InjectionMetadata.java:105)
	at org.springframework.beans.factory.annotation.AutowiredAnnotationBeanPostProcessor.postProcessAfterInstantiation(AutowiredAnnotationBeanPostProcessor.java:240)
	... 79 more
Caused by: org.springframework.beans.factory.CannotLoadBeanClassException: Cannot find class [@MODULE_PACKAGE@.web.controller.importbillables.ProcessBillableServicesImportController] for bean with name 'processBillableServicesController' defined in URL [file:/media/OS/Workspace/Git%20Projects/moh-billing/omod/target/classes/moduleApplicationContext.xml]; nested exception is java.lang.ClassNotFoundException: @MODULE_PACKAGE@.web.controller.importbillables.ProcessBillableServicesImportController
	at org.springframework.beans.factory.support.AbstractBeanFactory.resolveBeanClass(AbstractBeanFactory.java:1141)
	at org.springframework.beans.factory.support.AbstractAutowireCapableBeanFactory.predictBeanType(AbstractAutowireCapableBeanFactory.java:524)
	at org.springframework.beans.factory.support.AbstractBeanFactory.isFactoryBean(AbstractBeanFactory.java:1177)
	at org.springframework.beans.factory.support.DefaultListableBeanFactory.getBeanNamesForType(DefaultListableBeanFactory.java:222)
	at org.springframework.beans.factory.BeanFactoryUtils.beanNamesForTypeIncludingAncestors(BeanFactoryUtils.java:187)
	at org.springframework.beans.factory.support.DefaultListableBeanFactory.findAutowireCandidates(DefaultListableBeanFactory.java:652)
	at org.springframework.beans.factory.support.DefaultListableBeanFactory.resolveDependency(DefaultListableBeanFactory.java:597)
	at org.springframework.beans.factory.annotation.AutowiredAnnotationBeanPostProcessor$AutowiredFieldElement.inject(AutowiredAnnotationBeanPostProcessor.java:412)
	... 81 more
Caused by: java.lang.ClassNotFoundException: @MODULE_PACKAGE@.web.controller.importbillables.ProcessBillableServicesImportController
	at java.net.URLClassLoader$1.run(URLClassLoader.java:217)
	at java.security.AccessController.doPrivileged(Native Method)
	at java.net.URLClassLoader.findClass(URLClassLoader.java:205)
	at java.lang.ClassLoader.loadClass(ClassLoader.java:323)
	at sun.misc.Launcher$AppClassLoader.loadClass(Launcher.java:294)
	at java.lang.ClassLoader.loadClass(ClassLoader.java:268)
	at org.openmrs.util.OpenmrsClassLoader.loadClass(OpenmrsClassLoader.java:144)
	at java.lang.ClassLoader.loadClass(ClassLoader.java:268)
	at org.springframework.util.ClassUtils.forName(ClassUtils.java:211)
	at org.springframework.beans.factory.support.AbstractBeanDefinition.resolveBeanClass(AbstractBeanDefinition.java:385)
	at org.springframework.beans.factory.support.AbstractBeanFactory.resolveBeanClass(AbstractBeanFactory.java:1138)
	... 88 more
org.openmrs.module.mohbilling.testcases.BillingAPIPatientBillTest  Time elapsed: 0.004 sec  <<< ERROR!
org.openmrs.api.APIException: contextDAO is null
	at org.openmrs.api.context.Context.getContextDAO(Context.java:161)
	at org.openmrs.api.context.Context.closeSession(Context.java:682)
	at org.openmrs.test.BaseContextSensitiveTest.closeSessionAfterEachClass(BaseContextSensitiveTest.java:608)
	at sun.reflect.NativeMethodAccessorImpl.invoke0(Native Method)
	at sun.reflect.NativeMethodAccessorImpl.invoke(NativeMethodAccessorImpl.java:57)
	at sun.reflect.DelegatingMethodAccessorImpl.invoke(DelegatingMethodAccessorImpl.java:43)
	at java.lang.reflect.Method.invoke(Method.java:622)
	at org.junit.internal.runners.ClassRoadie.runAfters(ClassRoadie.java:65)
	at org.junit.internal.runners.ClassRoadie.runProtected(ClassRoadie.java:40)
	at org.junit.internal.runners.JUnit4ClassRunner.run(JUnit4ClassRunner.java:42)
	at org.springframework.test.context.junit4.SpringJUnit4ClassRunner.run(SpringJUnit4ClassRunner.java:97)
	at org.apache.maven.surefire.junit4.JUnit4TestSet.execute(JUnit4TestSet.java:53)
	at org.apache.maven.surefire.junit4.JUnit4Provider.executeTestSet(JUnit4Provider.java:123)
	at org.apache.maven.surefire.junit4.JUnit4Provider.invoke(JUnit4Provider.java:104)
	at sun.reflect.NativeMethodAccessorImpl.invoke0(Native Method)
	at sun.reflect.NativeMethodAccessorImpl.invoke(NativeMethodAccessorImpl.java:57)
	at sun.reflect.DelegatingMethodAccessorImpl.invoke(DelegatingMethodAccessorImpl.java:43)
	at java.lang.reflect.Method.invoke(Method.java:622)
	at org.apache.maven.surefire.util.ReflectionUtils.invokeMethodWithArray(ReflectionUtils.java:164)
	at org.apache.maven.surefire.booter.ProviderFactory$ProviderProxy.invoke(ProviderFactory.java:110)
	at org.apache.maven.surefire.booter.SurefireStarter.invokeProvider(SurefireStarter.java:175)
	at org.apache.maven.surefire.booter.SurefireStarter.runSuitesInProcessWhenForked(SurefireStarter.java:107)
	at org.apache.maven.surefire.booter.ForkedBooter.main(ForkedBooter.java:68)
